The system is: Windows - 10.0.19044 - AMD64
Compiling the C compiler identification source file "CMakeCCompilerId.c" succeeded.
Compiler: C:/Program Files (x86)/Microsoft Visual Studio 12.0/VC/bin/amd64_x86/cl.exe 
Build flags: 
Id flags:  

The output was:
0
Microsoft (R) C/C++ Optimizing Compiler Version 18.00.40629 for x86
Copyright (C) Microsoft Corporation.  All rights reserved.

CMakeCCompilerId.c
Microsoft (R) Incremental Linker Version 12.00.40629.0
Copyright (C) Microsoft Corporation.  All rights reserved.

/out:CMakeCCompilerId.exe 
CMakeCCompilerId.obj 


Compilation of the C compiler identification source "CMakeCCompilerId.c" produced "CMakeCCompilerId.exe"

Compilation of the C compiler identification source "CMakeCCompilerId.c" produced "CMakeCCompilerId.obj"

The C compiler identification is MSVC, found in "C:/Users/Administrator/CLionProjects/CppPlayGround/cmake-build-debug/CMakeFiles/3.19.2/CompilerIdC/CMakeCCompilerId.exe"

Compiling the CXX compiler identification source file "CMakeCXXCompilerId.cpp" succeeded.
Compiler: C:/Program Files (x86)/Microsoft Visual Studio 12.0/VC/bin/amd64_x86/cl.exe 
Build flags: 
Id flags:  

The output was:
0
Microsoft (R) C/C++ Optimizing Compiler Version 18.00.40629 for x86
Copyright (C) Microsoft Corporation.  All rights reserved.

CMakeCXXCompilerId.cpp
Microsoft (R) Incremental Linker Version 12.00.40629.0
Copyright (C) Microsoft Corporation.  All rights reserved.

/out:CMakeCXXCompilerId.exe 
CMakeCXXCompilerId.obj 


Compilation of the CXX compiler identification source "CMakeCXXCompilerId.cpp" produced "CMakeCXXCompilerId.exe"

Compilation of the CXX compiler identification source "CMakeCXXCompilerId.cpp" produced "CMakeCXXCompilerId.obj"

The CXX compiler identification is MSVC, found in "C:/Users/Administrator/CLionProjects/CppPlayGround/cmake-build-debug/CMakeFiles/3.19.2/CompilerIdCXX/CMakeCXXCompilerId.exe"

Detecting C compiler ABI info compiled with the following output:
Change Dir: C:/Users/Administrator/CLionProjects/CppPlayGround/cmake-build-debug/CMakeFiles/CMakeTmp

Run Build Command(s):nmake /nologo cmTC_d5085\fast && 	"C:\Program Files (x86)\Microsoft Visual Studio 12.0\VC\BIN\amd64\nmake.exe"  -f CMakeFiles\cmTC_d5085.dir\build.make /nologo -L                  CMakeFiles\cmTC_d5085.dir\build
Building C object CMakeFiles/cmTC_d5085.dir/CMakeCCompilerABI.c.obj
	C:\PROGRA~2\MICROS~1.0\VC\bin\AMD64_~1\cl.exe @C:\Users\ADMINI~1\AppData\Local\Temp\nmA479.tmp
CMakeCCompilerABI.c
Linking C executable cmTC_d5085.exe
	"C:\Program Files\JetBrains\CLion 2021.1.1\bin\cmake\win\bin\cmake.exe" -E vs_link_exe --intdir=CMakeFiles\cmTC_d5085.dir --rc=C:\PROGRA~2\WI3CF2~1\8.1\bin\x64\rc.exe --mt=C:\PROGRA~2\WI3CF2~1\8.1\bin\x64\mt.exe --manifests -- C:\PROGRA~2\MICROS~1.0\VC\bin\AMD64_~1\link.exe /nologo @CMakeFiles\cmTC_d5085.dir\objects1.rsp @C:\Users\ADMINI~1\AppData\Local\Temp\nmA640.tmp



Detecting CXX compiler ABI info compiled with the following output:
Change Dir: C:/Users/Administrator/CLionProjects/CppPlayGround/cmake-build-debug/CMakeFiles/CMakeTmp

Run Build Command(s):nmake /nologo cmTC_2a350\fast && 	"C:\Program Files (x86)\Microsoft Visual Studio 12.0\VC\BIN\amd64\nmake.exe"  -f CMakeFiles\cmTC_2a350.dir\build.make /nologo -L                  CMakeFiles\cmTC_2a350.dir\build
Building CXX object CMakeFiles/cmTC_2a350.dir/CMakeCXXCompilerABI.cpp.obj
	C:\PROGRA~2\MICROS~1.0\VC\bin\AMD64_~1\cl.exe @C:\Users\ADMINI~1\AppData\Local\Temp\nmAA36.tmp
CMakeCXXCompilerABI.cpp
Linking CXX executable cmTC_2a350.exe
	"C:\Program Files\JetBrains\CLion 2021.1.1\bin\cmake\win\bin\cmake.exe" -E vs_link_exe --intdir=CMakeFiles\cmTC_2a350.dir --rc=C:\PROGRA~2\WI3CF2~1\8.1\bin\x64\rc.exe --mt=C:\PROGRA~2\WI3CF2~1\8.1\bin\x64\mt.exe --manifests -- C:\PROGRA~2\MICROS~1.0\VC\bin\AMD64_~1\link.exe /nologo @CMakeFiles\cmTC_2a350.dir\objects1.rsp @C:\Users\ADMINI~1\AppData\Local\Temp\nmAAB4.tmp





Detecting CXX [] compiler features compiled with the following output:
Change Dir: C:/Users/Administrator/CLionProjects/CppPlayGround/cmake-build-debug/CMakeFiles/CMakeTmp

Run Build Command(s):nmake /nologo cmTC_e4eb0\fast && 	"C:\Program Files (x86)\Microsoft Visual Studio 12.0\VC\BIN\amd64\nmake.exe"  -f CMakeFiles\cmTC_e4eb0.dir\build.make /nologo -L                  CMakeFiles\cmTC_e4eb0.dir\build
Building CXX object CMakeFiles/cmTC_e4eb0.dir/feature_tests.cxx.obj
	C:\PROGRA~2\MICROS~1.0\VC\bin\AMD64_~1\cl.exe @C:\Users\ADMINI~1\AppData\Local\Temp\nmAE5D.tmp
feature_tests.cxx
Linking CXX executable cmTC_e4eb0.exe
	"C:\Program Files\JetBrains\CLion 2021.1.1\bin\cmake\win\bin\cmake.exe" -E vs_link_exe --intdir=CMakeFiles\cmTC_e4eb0.dir --rc=C:\PROGRA~2\WI3CF2~1\8.1\bin\x64\rc.exe --mt=C:\PROGRA~2\WI3CF2~1\8.1\bin\x64\mt.exe --manifests -- C:\PROGRA~2\MICROS~1.0\VC\bin\AMD64_~1\link.exe /nologo @CMakeFiles\cmTC_e4eb0.dir\objects1.rsp @C:\Users\ADMINI~1\AppData\Local\Temp\nmAF29.tmp



    Feature record: CXX_FEATURE:1cxx_template_template_parameters
    Feature record: CXX_FEATURE:1cxx_alias_templates
    Feature record: CXX_FEATURE:0cxx_alignas
    Feature record: CXX_FEATURE:0cxx_alignof
    Feature record: CXX_FEATURE:0cxx_attributes
    Feature record: CXX_FEATURE:1cxx_auto_type
    Feature record: CXX_FEATURE:0cxx_constexpr
    Feature record: CXX_FEATURE:1cxx_decltype
    Feature record: CXX_FEATURE:0cxx_decltype_incomplete_return_types
    Feature record: CXX_FEATURE:1cxx_default_function_template_args
    Feature record: CXX_FEATURE:1cxx_defaulted_functions
    Feature record: CXX_FEATURE:0cxx_defaulted_move_initializers
    Feature record: CXX_FEATURE:1cxx_delegating_constructors
    Feature record: CXX_FEATURE:0cxx_deleted_functions
    Feature record: CXX_FEATURE:1cxx_enum_forward_declarations
    Feature record: CXX_FEATURE:1cxx_explicit_conversions
    Feature record: CXX_FEATURE:1cxx_extended_friend_declarations
    Feature record: CXX_FEATURE:1cxx_extern_templates
    Feature record: CXX_FEATURE:1cxx_final
    Feature record: CXX_FEATURE:0cxx_func_identifier
    Feature record: CXX_FEATURE:1cxx_generalized_initializers
    Feature record: CXX_FEATURE:0cxx_inheriting_constructors
    Feature record: CXX_FEATURE:0cxx_inline_namespaces
    Feature record: CXX_FEATURE:1cxx_lambdas
    Feature record: CXX_FEATURE:1cxx_local_type_template_args
    Feature record: CXX_FEATURE:1cxx_long_long_type
    Feature record: CXX_FEATURE:0cxx_noexcept
    Feature record: CXX_FEATURE:0cxx_nonstatic_member_init
    Feature record: CXX_FEATURE:1cxx_nullptr
    Feature record: CXX_FEATURE:1cxx_override
    Feature record: CXX_FEATURE:1cxx_range_for
    Feature record: CXX_FEATURE:1cxx_raw_string_literals
    Feature record: CXX_FEATURE:0cxx_reference_qualified_functions
    Feature record: CXX_FEATURE:1cxx_right_angle_brackets
    Feature record: CXX_FEATURE:1cxx_rvalue_references
    Feature record: CXX_FEATURE:0cxx_sizeof_member
    Feature record: CXX_FEATURE:1cxx_static_assert
    Feature record: CXX_FEATURE:1cxx_strong_enums
    Feature record: CXX_FEATURE:0cxx_thread_local
    Feature record: CXX_FEATURE:1cxx_trailing_return_types
    Feature record: CXX_FEATURE:0cxx_unicode_literals
    Feature record: CXX_FEATURE:1cxx_uniform_initialization
    Feature record: CXX_FEATURE:0cxx_unrestricted_unions
    Feature record: CXX_FEATURE:0cxx_user_literals
    Feature record: CXX_FEATURE:1cxx_variadic_macros
    Feature record: CXX_FEATURE:1cxx_variadic_templates
    Feature record: CXX_FEATURE:0cxx_aggregate_default_initializers
    Feature record: CXX_FEATURE:0cxx_attribute_deprecated
    Feature record: CXX_FEATURE:0cxx_binary_literals
    Feature record: CXX_FEATURE:1cxx_contextual_conversions
    Feature record: CXX_FEATURE:0cxx_decltype_auto
    Feature record: CXX_FEATURE:0cxx_digit_separators
    Feature record: CXX_FEATURE:0cxx_generic_lambdas
    Feature record: CXX_FEATURE:0cxx_lambda_init_captures
    Feature record: CXX_FEATURE:0cxx_relaxed_constexpr
    Feature record: CXX_FEATURE:0cxx_return_type_deduction
    Feature record: CXX_FEATURE:0cxx_variable_templates
